[2025-10-24 18:51:51,342] INFO in autoreload: Watching for file changes with StatReloader
[2025-10-24 18:52:48,934] INFO in autoreload: Watching for file changes with StatReloader
[2025-10-24 18:53:30,733] INFO in autoreload: Watching for file changes with StatReloader
[2025-10-24 18:54:10,598] INFO in autoreload: Watching for file changes with StatReloader
[2025-10-24 18:54:47,537] INFO in autoreload: /home/edsu-dev/Documents/dev/HNG/string_analyzer/string_analyzer/settings.py changed, reloading.
[2025-10-24 18:54:48,205] INFO in autoreload: Watching for file changes with StatReloader
[2025-10-24 19:13:23,067] INFO in autoreload: Watching for file changes with StatReloader
[2025-10-24 19:13:49,926] INFO in autoreload: /home/edsu-dev/Documents/dev/HNG/string_analyzer/analyzer/filters.py changed, reloading.
[2025-10-24 19:13:50,446] INFO in autoreload: Watching for file changes with StatReloader
[2025-10-24 19:13:52,335] INFO in autoreload: /home/edsu-dev/Documents/dev/HNG/string_analyzer/analyzer/filters.py changed, reloading.
[2025-10-24 19:13:54,297] INFO in autoreload: Watching for file changes with StatReloader
[2025-10-24 19:13:57,018] INFO in autoreload: /home/edsu-dev/Documents/dev/HNG/string_analyzer/analyzer/filters.py changed, reloading.
[2025-10-24 19:13:58,582] INFO in autoreload: Watching for file changes with StatReloader
[2025-10-24 19:14:28,877] INFO in autoreload: /home/edsu-dev/Documents/dev/HNG/string_analyzer/analyzer/views.py changed, reloading.
[2025-10-24 19:14:29,515] INFO in autoreload: Watching for file changes with StatReloader
[2025-10-24 19:14:31,258] INFO in autoreload: /home/edsu-dev/Documents/dev/HNG/string_analyzer/analyzer/views.py changed, reloading.
[2025-10-24 19:14:33,250] INFO in autoreload: Watching for file changes with StatReloader
[2025-10-24 19:15:45,562] WARNING in log: Not Found: /strings/
[2025-10-24 19:17:07,572] INFO in autoreload: /home/edsu-dev/Documents/dev/HNG/string_analyzer/analyzer/filters.py changed, reloading.
[2025-10-24 19:17:08,090] INFO in autoreload: Watching for file changes with StatReloader
[2025-10-24 19:17:15,459] INFO in autoreload: /home/edsu-dev/Documents/dev/HNG/string_analyzer/analyzer/filters.py changed, reloading.
[2025-10-24 19:17:16,590] INFO in autoreload: Watching for file changes with StatReloader
[2025-10-24 19:20:34,618] WARNING in log: Too Many Requests: /strings
[2025-10-24 19:25:05,490] WARNING in log: Not Found: /strings/string to analyze
[2025-10-24 19:39:37,732] INFO in autoreload: /home/edsu-dev/Documents/dev/HNG/string_analyzer/analyzer/serializers.py changed, reloading.
[2025-10-24 19:39:38,293] INFO in autoreload: Watching for file changes with StatReloader
[2025-10-24 19:39:39,543] INFO in autoreload: /home/edsu-dev/Documents/dev/HNG/string_analyzer/analyzer/serializers.py changed, reloading.
[2025-10-24 19:39:40,025] INFO in autoreload: Watching for file changes with StatReloader
[2025-10-24 19:39:41,205] INFO in autoreload: /home/edsu-dev/Documents/dev/HNG/string_analyzer/analyzer/serializers.py changed, reloading.
[2025-10-24 19:39:41,778] INFO in autoreload: Watching for file changes with StatReloader
[2025-10-24 19:40:11,586] INFO in autoreload: /home/edsu-dev/Documents/dev/HNG/string_analyzer/analyzer/serializers.py changed, reloading.
[2025-10-24 19:40:12,098] INFO in autoreload: Watching for file changes with StatReloader
[2025-10-24 19:40:15,471] INFO in autoreload: /home/edsu-dev/Documents/dev/HNG/string_analyzer/analyzer/serializers.py changed, reloading.
[2025-10-24 19:40:15,995] INFO in autoreload: Watching for file changes with StatReloader
[2025-10-24 19:40:17,352] INFO in autoreload: /home/edsu-dev/Documents/dev/HNG/string_analyzer/analyzer/serializers.py changed, reloading.
[2025-10-24 19:40:18,219] INFO in autoreload: Watching for file changes with StatReloader
[2025-10-24 19:40:22,029] INFO in autoreload: /home/edsu-dev/Documents/dev/HNG/string_analyzer/analyzer/serializers.py changed, reloading.
[2025-10-24 19:40:22,909] INFO in autoreload: Watching for file changes with StatReloader
[2025-10-24 19:40:24,701] INFO in autoreload: /home/edsu-dev/Documents/dev/HNG/string_analyzer/analyzer/serializers.py changed, reloading.
[2025-10-24 19:40:26,323] INFO in autoreload: Watching for file changes with StatReloader
[2025-10-24 19:40:28,980] INFO in autoreload: /home/edsu-dev/Documents/dev/HNG/string_analyzer/analyzer/serializers.py changed, reloading.
[2025-10-24 19:40:30,125] INFO in autoreload: Watching for file changes with StatReloader
[2025-10-24 19:44:07,755] INFO in autoreload: /home/edsu-dev/Documents/dev/HNG/string_analyzer/analyzer/utils.py changed, reloading.
[2025-10-24 19:44:09,190] INFO in autoreload: Watching for file changes with StatReloader
[2025-10-24 19:44:11,755] INFO in autoreload: /home/edsu-dev/Documents/dev/HNG/string_analyzer/analyzer/utils.py changed, reloading.
[2025-10-24 19:44:12,740] INFO in autoreload: Watching for file changes with StatReloader
[2025-10-24 19:44:14,279] INFO in autoreload: /home/edsu-dev/Documents/dev/HNG/string_analyzer/analyzer/utils.py changed, reloading.
[2025-10-24 19:44:15,243] INFO in autoreload: Watching for file changes with StatReloader
[2025-10-24 19:44:26,434] INFO in autoreload: /home/edsu-dev/Documents/dev/HNG/string_analyzer/analyzer/utils.py changed, reloading.
[2025-10-24 19:44:27,319] INFO in autoreload: Watching for file changes with StatReloader
[2025-10-24 19:44:31,131] INFO in autoreload: /home/edsu-dev/Documents/dev/HNG/string_analyzer/analyzer/utils.py changed, reloading.
[2025-10-24 19:44:32,190] INFO in autoreload: Watching for file changes with StatReloader
[2025-10-24 19:44:33,898] INFO in autoreload: /home/edsu-dev/Documents/dev/HNG/string_analyzer/analyzer/utils.py changed, reloading.
[2025-10-24 19:44:35,019] INFO in autoreload: Watching for file changes with StatReloader
[2025-10-24 19:44:39,755] INFO in autoreload: /home/edsu-dev/Documents/dev/HNG/string_analyzer/analyzer/utils.py changed, reloading.
[2025-10-24 19:44:40,711] INFO in autoreload: Watching for file changes with StatReloader
[2025-10-24 19:44:54,642] INFO in autoreload: /home/edsu-dev/Documents/dev/HNG/string_analyzer/analyzer/utils.py changed, reloading.
[2025-10-24 19:44:55,477] INFO in autoreload: Watching for file changes with StatReloader
[2025-10-24 19:44:57,337] INFO in autoreload: /home/edsu-dev/Documents/dev/HNG/string_analyzer/analyzer/utils.py changed, reloading.
[2025-10-24 19:44:58,187] INFO in autoreload: Watching for file changes with StatReloader
[2025-10-24 19:45:01,048] INFO in autoreload: /home/edsu-dev/Documents/dev/HNG/string_analyzer/analyzer/utils.py changed, reloading.
[2025-10-24 19:45:01,920] INFO in autoreload: Watching for file changes with StatReloader
[2025-10-24 19:45:04,656] INFO in autoreload: /home/edsu-dev/Documents/dev/HNG/string_analyzer/analyzer/utils.py changed, reloading.
[2025-10-24 19:45:05,769] INFO in autoreload: Watching for file changes with StatReloader
[2025-10-24 19:45:08,709] INFO in autoreload: /home/edsu-dev/Documents/dev/HNG/string_analyzer/analyzer/utils.py changed, reloading.
[2025-10-24 19:45:09,661] INFO in autoreload: Watching for file changes with StatReloader
[2025-10-24 19:47:55,858] WARNING in log: Not Found: /strings/Racecar
[2025-10-24 19:55:48,689] INFO in autoreload: /home/edsu-dev/Documents/dev/HNG/string_analyzer/analyzer/utils.py changed, reloading.
[2025-10-24 19:55:49,271] INFO in autoreload: Watching for file changes with StatReloader
[2025-10-24 19:55:50,589] INFO in autoreload: /home/edsu-dev/Documents/dev/HNG/string_analyzer/analyzer/utils.py changed, reloading.
[2025-10-24 19:55:51,039] INFO in autoreload: Watching for file changes with StatReloader
[2025-10-24 19:55:59,440] INFO in autoreload: /home/edsu-dev/Documents/dev/HNG/string_analyzer/analyzer/utils.py changed, reloading.
[2025-10-24 19:56:00,004] INFO in autoreload: Watching for file changes with StatReloader
[2025-10-24 19:56:02,303] INFO in autoreload: /home/edsu-dev/Documents/dev/HNG/string_analyzer/analyzer/utils.py changed, reloading.
[2025-10-24 19:56:02,748] INFO in autoreload: Watching for file changes with StatReloader
[2025-10-24 19:56:14,363] INFO in autoreload: /home/edsu-dev/Documents/dev/HNG/string_analyzer/analyzer/utils.py changed, reloading.
[2025-10-24 19:56:14,799] INFO in autoreload: Watching for file changes with StatReloader
[2025-10-24 19:56:21,218] INFO in autoreload: /home/edsu-dev/Documents/dev/HNG/string_analyzer/analyzer/utils.py changed, reloading.
[2025-10-24 19:56:21,789] INFO in autoreload: Watching for file changes with StatReloader
[2025-10-24 19:59:02,532] INFO in autoreload: /home/edsu-dev/Documents/dev/HNG/string_analyzer/analyzer/utils.py changed, reloading.
[2025-10-24 19:59:03,838] INFO in autoreload: Watching for file changes with StatReloader
[2025-10-24 20:07:31,794] INFO in autoreload: /home/edsu-dev/Documents/dev/HNG/string_analyzer/analyzer/serializers.py changed, reloading.
[2025-10-24 20:07:32,294] INFO in autoreload: Watching for file changes with StatReloader
[2025-10-24 20:08:49,231] INFO in autoreload: /home/edsu-dev/Documents/dev/HNG/string_analyzer/analyzer/views.py changed, reloading.
[2025-10-24 20:08:49,734] INFO in autoreload: Watching for file changes with StatReloader
[2025-10-24 20:09:34,950] INFO in autoreload: /home/edsu-dev/Documents/dev/HNG/string_analyzer/analyzer/serializers.py changed, reloading.
[2025-10-24 20:09:35,465] INFO in autoreload: Watching for file changes with StatReloader
[2025-10-24 20:14:09,818] INFO in autoreload: /home/edsu-dev/Documents/dev/HNG/string_analyzer/analyzer/serializers.py changed, reloading.
[2025-10-24 20:14:10,333] INFO in autoreload: Watching for file changes with StatReloader
[2025-10-24 20:14:17,744] INFO in autoreload: /home/edsu-dev/Documents/dev/HNG/string_analyzer/analyzer/serializers.py changed, reloading.
[2025-10-24 20:14:19,020] INFO in autoreload: Watching for file changes with StatReloader
[2025-10-24 20:14:29,980] INFO in autoreload: /home/edsu-dev/Documents/dev/HNG/string_analyzer/analyzer/serializers.py changed, reloading.
[2025-10-24 20:14:30,957] INFO in autoreload: Watching for file changes with StatReloader
[2025-10-24 20:14:34,524] INFO in autoreload: /home/edsu-dev/Documents/dev/HNG/string_analyzer/analyzer/serializers.py changed, reloading.
[2025-10-24 20:14:35,413] INFO in autoreload: Watching for file changes with StatReloader
[2025-10-24 20:14:43,257] WARNING in log: Unprocessable Content: /strings
[2025-10-24 20:15:35,835] WARNING in log: Unprocessable Content: /strings
[2025-10-24 20:15:42,220] WARNING in log: Unprocessable Content: /strings
[2025-10-24 20:24:39,653] WARNING in log: Not Found: /favicon.ico
[2025-10-24 20:25:07,611] WARNING in log: Not Found: /strings/
[2025-10-24 20:58:32,233] INFO in autoreload: /home/edsu-dev/Documents/dev/HNG/string_analyzer/analyzer/utils.py changed, reloading.
[2025-10-24 20:58:34,501] INFO in autoreload: Watching for file changes with StatReloader
[2025-10-24 21:01:01,655] INFO in autoreload: /home/edsu-dev/Documents/dev/HNG/string_analyzer/analyzer/views.py changed, reloading.
[2025-10-24 21:01:02,268] INFO in autoreload: Watching for file changes with StatReloader
[2025-10-24 21:01:06,621] INFO in autoreload: /home/edsu-dev/Documents/dev/HNG/string_analyzer/analyzer/views.py changed, reloading.
[2025-10-24 21:01:07,450] INFO in autoreload: Watching for file changes with StatReloader
[2025-10-24 21:01:22,515] INFO in autoreload: /home/edsu-dev/Documents/dev/HNG/string_analyzer/analyzer/views.py changed, reloading.
[2025-10-24 21:01:23,572] INFO in autoreload: Watching for file changes with StatReloader
[2025-10-24 21:01:27,353] INFO in autoreload: /home/edsu-dev/Documents/dev/HNG/string_analyzer/analyzer/views.py changed, reloading.
[2025-10-24 21:01:28,147] INFO in autoreload: Watching for file changes with StatReloader
[2025-10-24 21:01:29,681] INFO in autoreload: /home/edsu-dev/Documents/dev/HNG/string_analyzer/analyzer/views.py changed, reloading.
[2025-10-24 21:01:30,534] INFO in autoreload: Watching for file changes with StatReloader
[2025-10-24 21:01:33,247] INFO in autoreload: /home/edsu-dev/Documents/dev/HNG/string_analyzer/analyzer/views.py changed, reloading.
[2025-10-24 21:01:34,188] INFO in autoreload: Watching for file changes with StatReloader
[2025-10-24 21:02:04,462] INFO in autoreload: /home/edsu-dev/Documents/dev/HNG/string_analyzer/analyzer/views.py changed, reloading.
[2025-10-24 21:02:05,463] INFO in autoreload: Watching for file changes with StatReloader
[2025-10-24 21:02:15,470] WARNING in log: Not Found: /strings/8
[2025-10-24 21:02:45,314] INFO in autoreload: /home/edsu-dev/Documents/dev/HNG/string_analyzer/analyzer/views.py changed, reloading.
[2025-10-24 21:02:46,592] INFO in autoreload: Watching for file changes with StatReloader
[2025-10-24 21:02:47,928] WARNING in log: Not Found: /strings/8
[2025-10-24 21:03:07,127] INFO in autoreload: /home/edsu-dev/Documents/dev/HNG/string_analyzer/analyzer/views.py changed, reloading.
[2025-10-24 21:03:08,870] INFO in autoreload: Watching for file changes with StatReloader
[2025-10-24 21:03:09,951] WARNING in log: Not Found: /strings/8
[2025-10-24 21:03:28,314] INFO in autoreload: /home/edsu-dev/Documents/dev/HNG/string_analyzer/analyzer/views.py changed, reloading.
[2025-10-24 21:03:30,276] INFO in autoreload: Watching for file changes with StatReloader
[2025-10-24 21:03:49,158] INFO in autoreload: /home/edsu-dev/Documents/dev/HNG/string_analyzer/analyzer/views.py changed, reloading.
[2025-10-24 21:03:49,985] INFO in autoreload: Watching for file changes with StatReloader
[2025-10-24 21:05:29,355] INFO in autoreload: Watching for file changes with StatReloader
[2025-10-25 16:05:30,841] INFO in autoreload: Watching for file changes with StatReloader
[2025-10-25 16:05:48,611] INFO in autoreload: Watching for file changes with StatReloader
[2025-10-25 16:14:12,224] INFO in autoreload: /home/edsu-dev/Documents/dev/HNG/string_analyzer/string_analyzer/settings.py changed, reloading.
[2025-10-25 16:30:05,768] INFO in autoreload: Watching for file changes with StatReloader
[2025-10-25 16:30:27,562] WARNING in log: Method Not Allowed: /strings/madam
[2025-10-25 16:31:46,260] WARNING in log: Not Found: /strings/madam/
[2025-10-25 16:31:49,953] WARNING in log: Method Not Allowed: /strings/madam
[2025-10-25 16:31:55,451] WARNING in log: Not Found: /strings/
[2025-10-25 16:32:23,318] WARNING in log: Method Not Allowed: /strings/m
[2025-10-25 16:32:44,891] WARNING in log: Not Found: /strings/consented
[2025-10-25 16:33:18,738] WARNING in log: Method Not Allowed: /strings
[2025-10-25 16:33:24,458] WARNING in log: Method Not Allowed: /strings
[2025-10-25 16:33:47,342] WARNING in log: Not Found: /strings/
[2025-10-25 16:33:49,200] WARNING in log: Method Not Allowed: /strings
[2025-10-25 16:34:42,455] INFO in autoreload: /home/edsu-dev/Documents/dev/HNG/string_analyzer/analyzer/urls.py changed, reloading.
[2025-10-25 16:34:43,010] INFO in autoreload: Watching for file changes with StatReloader
[2025-10-25 16:34:46,712] WARNING in log: Method Not Allowed: /strings
[2025-10-25 16:34:47,622] WARNING in log: Method Not Allowed: /strings
[2025-10-25 16:34:48,594] WARNING in log: Method Not Allowed: /strings
[2025-10-25 16:35:10,176] WARNING in log: Method Not Allowed: /strings
[2025-10-25 16:37:37,162] INFO in autoreload: /home/edsu-dev/Documents/dev/HNG/string_analyzer/analyzer/urls.py changed, reloading.
[2025-10-25 16:37:37,971] INFO in autoreload: Watching for file changes with StatReloader
[2025-10-25 16:39:32,621] INFO in autoreload: /home/edsu-dev/Documents/dev/HNG/string_analyzer/analyzer/urls.py changed, reloading.
[2025-10-25 16:39:33,261] INFO in autoreload: Watching for file changes with StatReloader
[2025-10-25 16:39:34,747] INFO in autoreload: /home/edsu-dev/Documents/dev/HNG/string_analyzer/analyzer/urls.py changed, reloading.
[2025-10-25 16:39:35,570] INFO in autoreload: Watching for file changes with StatReloader
[2025-10-25 16:39:36,337] WARNING in log: Method Not Allowed: /strings
[2025-10-25 16:43:22,807] INFO in autoreload: /home/edsu-dev/Documents/dev/HNG/string_analyzer/analyzer/views.py changed, reloading.
[2025-10-25 16:43:23,540] INFO in autoreload: Watching for file changes with StatReloader
[2025-10-25 16:43:24,830] INFO in autoreload: /home/edsu-dev/Documents/dev/HNG/string_analyzer/analyzer/views.py changed, reloading.
[2025-10-25 16:43:26,180] INFO in autoreload: Watching for file changes with StatReloader
[2025-10-25 16:43:29,856] INFO in autoreload: /home/edsu-dev/Documents/dev/HNG/string_analyzer/analyzer/views.py changed, reloading.
[2025-10-25 16:43:30,553] INFO in autoreload: Watching for file changes with StatReloader
[2025-10-25 16:44:03,396] INFO in autoreload: /home/edsu-dev/Documents/dev/HNG/string_analyzer/analyzer/views.py changed, reloading.
[2025-10-25 16:44:04,192] INFO in autoreload: Watching for file changes with StatReloader
[2025-10-25 16:44:07,624] INFO in autoreload: /home/edsu-dev/Documents/dev/HNG/string_analyzer/analyzer/views.py changed, reloading.
[2025-10-25 16:44:08,365] INFO in autoreload: Watching for file changes with StatReloader
[2025-10-25 16:44:16,899] INFO in autoreload: /home/edsu-dev/Documents/dev/HNG/string_analyzer/analyzer/views.py changed, reloading.
[2025-10-25 16:44:17,580] INFO in autoreload: Watching for file changes with StatReloader
[2025-10-25 16:44:19,975] INFO in autoreload: /home/edsu-dev/Documents/dev/HNG/string_analyzer/analyzer/views.py changed, reloading.
[2025-10-25 16:44:20,647] INFO in autoreload: Watching for file changes with StatReloader
[2025-10-25 16:44:30,102] INFO in autoreload: /home/edsu-dev/Documents/dev/HNG/string_analyzer/analyzer/views.py changed, reloading.
[2025-10-25 16:44:30,781] INFO in autoreload: Watching for file changes with StatReloader
[2025-10-25 16:44:35,499] INFO in autoreload: /home/edsu-dev/Documents/dev/HNG/string_analyzer/analyzer/views.py changed, reloading.
[2025-10-25 16:44:36,306] INFO in autoreload: Watching for file changes with StatReloader
[2025-10-25 16:44:38,744] INFO in autoreload: /home/edsu-dev/Documents/dev/HNG/string_analyzer/analyzer/views.py changed, reloading.
[2025-10-25 16:44:39,488] INFO in autoreload: Watching for file changes with StatReloader
[2025-10-25 16:44:42,850] INFO in autoreload: /home/edsu-dev/Documents/dev/HNG/string_analyzer/analyzer/views.py changed, reloading.
[2025-10-25 16:44:43,549] INFO in autoreload: Watching for file changes with StatReloader
[2025-10-25 16:44:47,062] INFO in autoreload: /home/edsu-dev/Documents/dev/HNG/string_analyzer/analyzer/views.py changed, reloading.
[2025-10-25 16:44:47,783] INFO in autoreload: Watching for file changes with StatReloader
[2025-10-25 16:44:55,521] INFO in autoreload: /home/edsu-dev/Documents/dev/HNG/string_analyzer/analyzer/views.py changed, reloading.
[2025-10-25 16:44:56,405] INFO in autoreload: Watching for file changes with StatReloader
[2025-10-25 16:45:30,081] INFO in autoreload: /home/edsu-dev/Documents/dev/HNG/string_analyzer/analyzer/views.py changed, reloading.
[2025-10-25 16:45:31,134] INFO in autoreload: Watching for file changes with StatReloader
[2025-10-25 16:45:37,748] INFO in autoreload: /home/edsu-dev/Documents/dev/HNG/string_analyzer/analyzer/views.py changed, reloading.
[2025-10-25 16:45:38,665] INFO in autoreload: Watching for file changes with StatReloader
[2025-10-25 16:45:40,113] INFO in autoreload: /home/edsu-dev/Documents/dev/HNG/string_analyzer/analyzer/views.py changed, reloading.
[2025-10-25 16:45:40,753] INFO in autoreload: Watching for file changes with StatReloader
[2025-10-25 16:45:51,373] INFO in autoreload: /home/edsu-dev/Documents/dev/HNG/string_analyzer/analyzer/views.py changed, reloading.
[2025-10-25 16:45:52,244] INFO in autoreload: Watching for file changes with StatReloader
[2025-10-25 16:46:05,944] INFO in autoreload: /home/edsu-dev/Documents/dev/HNG/string_analyzer/analyzer/urls.py changed, reloading.
[2025-10-25 16:46:06,652] INFO in autoreload: Watching for file changes with StatReloader
[2025-10-25 16:46:10,212] INFO in autoreload: /home/edsu-dev/Documents/dev/HNG/string_analyzer/analyzer/urls.py changed, reloading.
[2025-10-25 16:46:10,980] INFO in autoreload: Watching for file changes with StatReloader
[2025-10-25 16:46:37,078] WARNING in log: Not Found: /strings/m
[2025-10-25 17:20:15,247] INFO in autoreload: /home/edsu-dev/Documents/dev/HNG/string_analyzer/analyzer/utils.py changed, reloading.
[2025-10-25 17:20:16,156] INFO in autoreload: Watching for file changes with StatReloader
[2025-10-25 17:20:47,171] INFO in autoreload: /home/edsu-dev/Documents/dev/HNG/string_analyzer/analyzer/utils.py changed, reloading.
[2025-10-25 17:20:47,900] INFO in autoreload: Watching for file changes with StatReloader
[2025-10-25 17:20:53,288] WARNING in log: Conflict: /strings
